<?xml version="1.0" encoding="UTF-8"?>
<testng-results ignored="0" total="1" passed="1" failed="0" skipped="0">
  <reporter-output>
  </reporter-output>
  <suite started-at="2021-06-29T07:49:15 IST" name="Default suite" finished-at="2021-06-29T07:49:23 IST" duration-ms="8388">
    <groups>
    </groups>
    <test started-at="2021-06-29T07:49:15 IST" name="Default test" finished-at="2021-06-29T07:49:23 IST" duration-ms="8388">
      <class name="practise4.GKTest">
        <test-method signature="test(java.util.ArrayList)[pri:0, instance:practise4.GKTest@3232a28a]" started-at="2021-06-29T07:49:15 IST" name="test" data-provider="data1" finished-at="2021-06-29T07:49:23 IST" duration-ms="8299" status="PASS">
          <params>
            <param index="0">
              <value>
                <![CDATA[[Brocolli, Capsicum, Banana, Raspberry]]]>
              </value>
            </param>
          </params>
          <reporter-output>
          </reporter-output>
        </test-method> <!-- test -->
      </class> <!-- practise4.GKTest -->
    </test> <!-- Default test -->
  </suite> <!-- Default suite -->
</testng-results>
