<?xml version="1.0" encoding="UTF-8"?>
<testng-results ignored="0" total="1" passed="1" failed="0" skipped="0">
  <reporter-output>
  </reporter-output>
  <suite started-at="2021-06-20T12:23:09 IST" name="Default suite" finished-at="2021-06-20T12:23:17 IST" duration-ms="8563">
    <groups>
    </groups>
    <test started-at="2021-06-20T12:23:09 IST" name="Default test" finished-at="2021-06-20T12:23:17 IST" duration-ms="8563">
      <class name="practise3.SeleDrop">
        <test-method signature="test()[pri:0, instance:practise3.SeleDrop@32b260fa]" started-at="2021-06-20T12:23:09 IST" name="test" finished-at="2021-06-20T12:23:17 IST" duration-ms="8487" status="PASS">
          <reporter-output>
          </reporter-output>
        </test-method> <!-- test -->
      </class> <!-- practise3.SeleDrop -->
    </test> <!-- Default test -->
  </suite> <!-- Default suite -->
</testng-results>
